Determining if the pthread_create exist failed with the following output:
Change Dir: /home/pater.8/ws_vis/src/ndi-vision/build/catkin_tools_prebuild/CMakeFiles/CMakeTmp

Run Build Command:"/usr/bin/make" "cmTC_72772/fast"
/usr/bin/make -f CMakeFiles/cmTC_72772.dir/build.make CMakeFiles/cmTC_72772.dir/build
make[1]: Entering directory '/home/pater.8/ws_vis/src/ndi-vision/build/catkin_tools_prebuild/CMakeFiles/CMakeTmp'
Building C object CMakeFiles/cmTC_72772.dir/CheckSymbolExists.c.o
/usr/bin/cc    -o CMakeFiles/cmTC_72772.dir/CheckSymbolExists.c.o   -c /home/pater.8/ws_vis/src/ndi-vision/build/catkin_tools_prebuild/CMakeFiles/CMakeTmp/CheckSymbolExists.c
Linking C executable cmTC_72772
/usr/bin/cmake -E cmake_link_script CMakeFiles/cmTC_72772.dir/link.txt --verbose=1
/usr/bin/cc      -rdynamic CMakeFiles/cmTC_72772.dir/CheckSymbolExists.c.o  -o cmTC_72772 
CMakeFiles/cmTC_72772.dir/CheckSymbolExists.c.o: In function `main':
CheckSymbolExists.c:(.text+0x1b): undefined reference to `pthread_create'
collect2: error: ld returned 1 exit status
CMakeFiles/cmTC_72772.dir/build.make:97: recipe for target 'cmTC_72772' failed
make[1]: *** [cmTC_72772] Error 1
make[1]: Leaving directory '/home/pater.8/ws_vis/src/ndi-vision/build/catkin_tools_prebuild/CMakeFiles/CMakeTmp'
Makefile:126: recipe for target 'cmTC_72772/fast' failed
make: *** [cmTC_72772/fast] Error 2

File /home/pater.8/ws_vis/src/ndi-vision/build/catkin_tools_prebuild/CMakeFiles/CMakeTmp/CheckSymbolExists.c:
/* */
#include <pthread.h>

int main(int argc, char** argv)
{
  (void)argv;
#ifndef pthread_create
  return ((int*)(&pthread_create))[argc];
#else
  (void)argc;
  return 0;
#endif
}

Determining if the function pthread_create exists in the pthreads failed with the following output:
Change Dir: /home/pater.8/ws_vis/src/ndi-vision/build/catkin_tools_prebuild/CMakeFiles/CMakeTmp

Run Build Command:"/usr/bin/make" "cmTC_988ef/fast"
/usr/bin/make -f CMakeFiles/cmTC_988ef.dir/build.make CMakeFiles/cmTC_988ef.dir/build
make[1]: Entering directory '/home/pater.8/ws_vis/src/ndi-vision/build/catkin_tools_prebuild/CMakeFiles/CMakeTmp'
Building C object CMakeFiles/cmTC_988ef.dir/CheckFunctionExists.c.o
/usr/bin/cc   -DCHECK_FUNCTION_EXISTS=pthread_create   -o CMakeFiles/cmTC_988ef.dir/CheckFunctionExists.c.o   -c /usr/share/cmake-3.10/Modules/CheckFunctionExists.c
Linking C executable cmTC_988ef
/usr/bin/cmake -E cmake_link_script CMakeFiles/cmTC_988ef.dir/link.txt --verbose=1
/usr/bin/cc  -DCHECK_FUNCTION_EXISTS=pthread_create    -rdynamic CMakeFiles/cmTC_988ef.dir/CheckFunctionExists.c.o  -o cmTC_988ef -lpthreads 
/usr/bin/ld: cannot find -lpthreads
collect2: error: ld returned 1 exit status
CMakeFiles/cmTC_988ef.dir/build.make:97: recipe for target 'cmTC_988ef' failed
make[1]: *** [cmTC_988ef] Error 1
make[1]: Leaving directory '/home/pater.8/ws_vis/src/ndi-vision/build/catkin_tools_prebuild/CMakeFiles/CMakeTmp'
Makefile:126: recipe for target 'cmTC_988ef/fast' failed
make: *** [cmTC_988ef/fast] Error 2


